INFO    : Using PreTeXt-CLI version: 2.11.4.  This is the latest available version.

INFO    : PreTeXt project found in `/Users/danaernst/GitHub/IntroToProofViaIBL`.
WARNING : Project's CLI version could not be detected from `requirements.txt`.
WARNING : Try `pretext init --refresh` to produce a compatible file.
INFO    : Since no target was supplied, we will use "web".

INFO    : Terminating existing server 53596 on port 8132
INFO    : Terminating 53596
INFO    : Now preparing local server to preview your project directory `/Users/danaernst/GitHub/IntroToProofViaIBL`.
INFO    :   (Reminder: use `pretext deploy` to deploy your built project to a public
INFO    :   GitHub Pages site that can be shared with readers who cannot access your
INFO    :   personal computer.)
INFO    : 
INFO    : starting server ...
INFO    : setting up ...
INFO    : values set...
WARNING : Port 8128 could not be used.
WARNING : Trying port 8129 instead.

WARNING : Port 8129 could not be used.
WARNING : Trying port 8130 instead.

WARNING : Port 8130 could not be used.
WARNING : Trying port 8131 instead.

WARNING : Port 8131 could not be used.
WARNING : Trying port 8132 instead.

WARNING : Port 8132 could not be used.
WARNING : Trying port 8133 instead.

INFO    : adding server entry
INFO    : Added server entry 653774bce7 55941 8133 localhost

INFO    : Starting the server
INFO    : Server will soon be available at http://localhost:8133
INFO    : Opening browser for target `web` at http://localhost:8133/output/web
INFO    : Stopping server.
INFO    : 
