WARNING : Using CLI version 2.20.0 but project's `requirements.txt`
WARNING : is configured to use 2.17.1. Consider either installing
WARNING : CLI version 2.17.1 or running `pretext update`
WARNING : to update `requirements.txt` and other managed files to match 2.20.0.
INFO    : Staging deployment according to strategy default_target
INFO    : Since no target was supplied, we will use "web".

INFO    : Staging latest build located in `/Users/danaernst/GitHub/IntroToProofViaIBL/output/web` at `/Users/danaernst/GitHub/IntroToProofViaIBL/output/stage`.
INFO    : 
INFO    : Preparing to deploy from active `main` git branch.

INFO    : Changes to project source since last commit detected.
WARNING : Don't forget to either add and commit the changes to your source with git, or run `pretext deploy -u` to have these changes updated automatically.
WARNING : Just deploying your built project will not save changes to your source on GitHub.`
INFO    : Committing your latest build to the `gh-pages` branch.
INFO    : 
INFO    : Attempting to connect to remote repository at `https://github.com/dcernst/IntroToProofViaIBL.git`...
INFO    : 
INFO    : Skipping push to GitHub.  You can push manually with `git push origin gh-pages`.
INFO    : 
INFO    : Output committed to the `gh-pages` branch.
INFO    : 
