WARNING : Using CLI version 2.20.0 but project's `requirements.txt`
WARNING : is configured to use 2.17.1. Consider either installing
WARNING : CLI version 2.17.1 or running `pretext update`
WARNING : to update `requirements.txt` and other managed files to match 2.20.0.
INFO    : Staging deployment according to strategy default_target
INFO    : Since no target was supplied, we will use "web".

INFO    : Staging latest build located in `/Users/danaernst/GitHub/IntroToProofViaIBL/output/web` at `/Users/danaernst/GitHub/IntroToProofViaIBL/output/stage`.
INFO    : 
INFO    : Preparing to deploy from active `main` git branch.

INFO    : Changes to project source since last commit detected.
INFO    : Committing these changes to local Git repository.

INFO    : Committing your latest build to the `gh-pages` branch.
INFO    : 
INFO    : Attempting to connect to remote repository at `https://github.com/dcernst/IntroToProofViaIBL.git`...
INFO    : 
WARNING : There was an issue connecting to GitHub repository located at https://github.com/dcernst/IntroToProofViaIBL/

INFO    : Make sure you have set up authentication for GitHub.  For more information, visit:
INFO    :     https://docs.github.com/en/authentication
INFO    : Make sure you can push changes, either from the command line or in VS Code.  Then try to deploy again.

INFO    : You can also try to run `pretext deploy --no-push` to skip this step, then switch to the `gh-pages` branch (using `git checkout gh-pages`) and push manually.
INFO    : 
INFO    : (If `https://github.com/dcernst/IntroToProofViaIBL.git` doesn't match your GitHub repository,
INFO    : use `git remote remove origin` on the command line then try to deploy again.)
INFO    : 
ERROR   : Deploy was unsuccessful.
INFO    : 
----------------------------------------------------
INFO    : While running pretext, the following errors occurred:

INFO    : (see log messages above or in the 'logs' folder for more information)
INFO    : ----------------------------------------------------
