DEBUG   : CLI version 2.17.1 matches requirements.txt 2.17.1.
DEBUG   : Removed old stage directory
INFO    : Staging deployment according to strategy default_target
INFO    : Since no target was supplied, we will use "web".

INFO    : Staging latest build located in `/Users/danaernst/GitHub/IntroToProofViaIBL/output/web` at `/Users/danaernst/GitHub/IntroToProofViaIBL/output/stage`.
INFO    : 
INFO    : Preparing to deploy from active `main` git branch.

INFO    : Committing your latest build to the `gh-pages` branch.
INFO    : 
INFO    : Attempting to connect to remote repository at `https://github.com/dcernst/IntroToProofViaIBL.git`...
INFO    : 
WARNING : There was an issue connecting to GitHub repository located at https://github.com/dcernst/IntroToProofViaIBL/

DEBUG   : Cmd('git') failed due to: exit code(1)
  cmdline: git push --porcelain -- origin gh-pages:gh-pages
  stderr: 'error: RPC failed; HTTP 400 curl 22 The requested URL returned error: 400
fatal: the remote end hung up unexpectedly'
Traceback (most recent call last):
  File "/Users/danaernst/Library/Python/3.9/lib/python/site-packages/pretext/utils.py", line 751, in publish_to_ghpages
    origin.push(refspec="gh-pages:gh-pages")
  File "/Users/danaernst/Library/Python/3.9/lib/python/site-packages/git/remote.py", line 1118, in push
    return self._get_push_info(proc, progress, kill_after_timeout=kill_after_timeout)
  File "/Users/danaernst/Library/Python/3.9/lib/python/site-packages/git/remote.py", line 927, in _get_push_info
    proc.wait(stderr=stderr_text)
  File "/Users/danaernst/Library/Python/3.9/lib/python/site-packages/git/cmd.py", line 604, in wait
    raise GitCommandError(remove_password_if_present(self.args), status, errstr)
git.exc.GitCommandError: Cmd('git') failed due to: exit code(1)
  cmdline: git push --porcelain -- origin gh-pages:gh-pages
  stderr: 'error: RPC failed; HTTP 400 curl 22 The requested URL returned error: 400
fatal: the remote end hung up unexpectedly'
INFO    : Make sure you have set up authentication for GitHub.  For more information, visit:
INFO    :     https://docs.github.com/en/authentication
INFO    : Make sure you can push changes, either from the command line or in VS Code.  Then try to deploy again.

INFO    : You can also try to run `pretext deploy --no-push` to skip this step, then switch to the `gh-pages` branch (using `git checkout gh-pages`) and push manually.
INFO    : 
INFO    : (If `https://github.com/dcernst/IntroToProofViaIBL.git` doesn't match your GitHub repository,
INFO    : use `git remote remove origin` on the command line then try to deploy again.)
INFO    : 
ERROR   : Deploy was unsuccessful.
INFO    : 
----------------------------------------------------
INFO    : While running pretext, the following errors occurred:

INFO    : (see log messages above or in the 'logs' folder for more information)
INFO    : ----------------------------------------------------
