INFO    : Using PreTeXt-CLI version: 2.11.4.  This is the latest available version.

INFO    : PreTeXt project found in `/Users/danaernst/GitHub/IntroToProofViaIBL`.
WARNING : Project's CLI version could not be detected from `requirements.txt`.
WARNING : Try `pretext init --refresh` to produce a compatible file.
INFO    : Staging deployment according to strategy default_target
INFO    : Since no target was supplied, we will use "web".

INFO    : Staging latest build located in `/Users/danaernst/GitHub/IntroToProofViaIBL/output/web` at `/Users/danaernst/GitHub/IntroToProofViaIBL/output/stage`.
INFO    : 
INFO    : Preparing to deploy from active `main` git branch.
INFO    : 
INFO    : Changes to project source since last commit detected.
INFO    : Add/committing these changes to local Git repository.
INFO    : 
INFO    : Committing your latest build to the `gh-pages` branch.
INFO    : 
INFO    : Attempting to connect to remote repository at `https://github.com/dcernst/IntroToProofViaIBL.git`...
INFO    : 
WARNING : There was an issue connecting to GitHub repository located at https://github.com/dcernst/IntroToProofViaIBL/
INFO    : 
INFO    : If you haven't already, configure SSH with GitHub by following instructions at:
INFO    :     https://docs.github.com/en/authentication/connecting-to-github-with-ssh
INFO    : Then try to deploy again.
INFO    : 
INFO    : If `https://github.com/dcernst/IntroToProofViaIBL.git` doesn't match your GitHub repository,
INFO    : use `git remote remove origin` on the command line then try to deploy again.
INFO    : 
ERROR   : Deploy was unsuccessful.
INFO    : 
----------------------------------------------------
INFO    : While running pretext, the following errors occurred:

INFO    : (see log messages above or in the 'logs' folder for more information)
INFO    : ----------------------------------------------------
