INFO    : Using PreTeXt-CLI version: 2.11.4.  This is the latest available version.

INFO    : PreTeXt project found in `/Users/danaernst/GitHub/IntroToProofViaIBL`.
WARNING : Project's CLI version could not be detected from `requirements.txt`.
WARNING : Try `pretext init --refresh` to produce a compatible file.
INFO    : Since no target was supplied, we will use "web".

INFO    : Building target web
INFO    : Preparing to build into /Users/danaernst/GitHub/IntroToProofViaIBL/output/web.
INFO    : XSL conversion of /Users/danaernst/GitHub/IntroToProofViaIBL/source/main.ptx by /Users/danaernst/.ptx/2.11.4/core/xsl/utilities/report-publisher-variables.xsl
INFO    : successful application of /Users/danaernst/.ptx/2.11.4/core/xsl/utilities/report-publisher-variables.xsl
INFO    : discovering source file's directory name: /Users/danaernst/GitHub/IntroToProofViaIBL/source
INFO    : verifying and expanding input directory: /Users/danaernst/GitHub/IntroToProofViaIBL/source/../generated-assets
INFO    : input directory expanded to absolute path: /Users/danaernst/GitHub/IntroToProofViaIBL/generated-assets
INFO    : verifying and expanding input directory: /Users/danaernst/GitHub/IntroToProofViaIBL/source/../assets
INFO    : input directory expanded to absolute path: /Users/danaernst/GitHub/IntroToProofViaIBL/assets
INFO    : Runestone Services via online CDN query: version 7.5.1
INFO    : Downloading Runestone Services, version 7.5.1
INFO    : Extracting Runestone Services from archive file
INFO    : converting /Users/danaernst/GitHub/IntroToProofViaIBL/source/main.ptx to HTML in /var/folders/br/gsngk6193q9f3lvtd90_4twh0000gn/T/ptx-xr2qqi36
INFO    : XSL conversion of /Users/danaernst/GitHub/IntroToProofViaIBL/source/main.ptx by /Users/danaernst/.ptx/2.11.4/core/xsl/pretext-html.xsl
INFO    : messages from the log for XSL processing:
INFO    : * PTX:INFO:   checking ONLY the last TWO YEARS of element deprecations.
Rerun with the string parameter "author.deprecations.all" set to "yes" to check your source against all deprecations.
WARNING : * PTX:WARNING: There are apparent XML elements in locations that should be text only (47 times).
WARNING : * PTX:WARNING: There is an apparent XML element (<nbsp>) inside an <c> element, which should only contain text.  Using an escaped "less than" ('&lt;') might be the solution, or using a CDATA section.
INFO    : *              located within: "sec_Injective_and_Surjective_Functions" (xml:id), "Injective and Surjective Functions" (title)
WARNING : * PTX:WARNING: There is an apparent XML element (<nbsp>) inside an <c> element, which should only contain text.  Using an escaped "less than" ('&lt;') might be the solution, or using a CDATA section.
INFO    : *              located within: "sec_Injective_and_Surjective_Functions" (xml:id), "Injective and Surjective Functions" (title)
WARNING : * PTX:WARNING: There is an apparent XML element (<nbsp>) inside an <c> element, which should only contain text.  Using an escaped "less than" ('&lt;') might be the solution, or using a CDATA section.
INFO    : *              located within: "sec_Injective_and_Surjective_Functions" (xml:id), "Injective and Surjective Functions" (title)
WARNING : * PTX:WARNING: There is an apparent XML element (<nbsp>) inside an <c> element, which should only contain text.  Using an escaped "less than" ('&lt;') might be the solution, or using a CDATA section.
INFO    : *              located within: "sec_Injective_and_Surjective_Functions" (xml:id), "Injective and Surjective Functions" (title)
WARNING : * PTX:WARNING: There is an apparent XML element (<nbsp>) inside an <c> element, which should only contain text.  Using an escaped "less than" ('&lt;') might be the solution, or using a CDATA section.
INFO    : *              located within: "sec_Injective_and_Surjective_Functions" (xml:id), "Injective and Surjective Functions" (title)
WARNING : * PTX:WARNING: There is an apparent XML element (<nbsp>) inside an <c> element, which should only contain text.  Using an escaped "less than" ('&lt;') might be the solution, or using a CDATA section.
INFO    : *              located within: "sec_Injective_and_Surjective_Functions" (xml:id), "Injective and Surjective Functions" (title)
WARNING : * PTX:WARNING: There is an apparent XML element (<nbsp>) inside an <c> element, which should only contain text.  Using an escaped "less than" ('&lt;') might be the solution, or using a CDATA section.
INFO    : *              located within: "sec_Injective_and_Surjective_Functions" (xml:id), "Injective and Surjective Functions" (title)
WARNING : * PTX:WARNING: There is an apparent XML element (<nbsp>) inside an <c> element, which should only contain text.  Using an escaped "less than" ('&lt;') might be the solution, or using a CDATA section.
INFO    : *              located within: "sec_Injective_and_Surjective_Functions" (xml:id), "Injective and Surjective Functions" (title)
WARNING : * PTX:WARNING: There is an apparent XML element (<nbsp>) inside an <c> element, which should only contain text.  Using an escaped "less than" ('&lt;') might be the solution, or using a CDATA section.
INFO    : *              located within: "sec_Injective_and_Surjective_Functions" (xml:id), "Injective and Surjective Functions" (title)
WARNING : * PTX:WARNING: There is an apparent XML element (<nbsp>) inside an <c> element, which should only contain text.  Using an escaped "less than" ('&lt;') might be the solution, or using a CDATA section.
INFO    : *              located within: "sec_Injective_and_Surjective_Functions" (xml:id), "Injective and Surjective Functions" (title)
WARNING : * PTX:WARNING: There is an apparent XML element (<nbsp>) inside an <c> element, which should only contain text.  Using an escaped "less than" ('&lt;') might be the solution, or using a CDATA section.
INFO    : *              located within: "sec_Injective_and_Surjective_Functions" (xml:id), "Injective and Surjective Functions" (title)
WARNING : * PTX:WARNING: There is an apparent XML element (<nbsp>) inside an <c> element, which should only contain text.  Using an escaped "less than" ('&lt;') might be the solution, or using a CDATA section.
INFO    : *              located within: "sec_Injective_and_Surjective_Functions" (xml:id), "Injective and Surjective Functions" (title)
WARNING : * PTX:WARNING: There is an apparent XML element (<nbsp>) inside an <c> element, which should only contain text.  Using an escaped "less than" ('&lt;') might be the solution, or using a CDATA section.
INFO    : *              located within: "sec_Injective_and_Surjective_Functions" (xml:id), "Injective and Surjective Functions" (title)
WARNING : * PTX:WARNING: There is an apparent XML element (<nbsp>) inside an <c> element, which should only contain text.  Using an escaped "less than" ('&lt;') might be the solution, or using a CDATA section.
INFO    : *              located within: "sec_Injective_and_Surjective_Functions" (xml:id), "Injective and Surjective Functions" (title)
WARNING : * PTX:WARNING: There is an apparent XML element (<nbsp>) inside an <c> element, which should only contain text.  Using an escaped "less than" ('&lt;') might be the solution, or using a CDATA section.
INFO    : *              located within: "sec_Injective_and_Surjective_Functions" (xml:id), "Injective and Surjective Functions" (title)
WARNING : * PTX:WARNING: There is an apparent XML element (<nbsp>) inside an <c> element, which should only contain text.  Using an escaped "less than" ('&lt;') might be the solution, or using a CDATA section.
INFO    : *              located within: "sec_Injective_and_Surjective_Functions" (xml:id), "Injective and Surjective Functions" (title)
WARNING : * PTX:WARNING: There is an apparent XML element (<nbsp>) inside an <c> element, which should only contain text.  Using an escaped "less than" ('&lt;') might be the solution, or using a CDATA section.
INFO    : *              located within: "sec_Injective_and_Surjective_Functions" (xml:id), "Injective and Surjective Functions" (title)
WARNING : * PTX:WARNING: There is an apparent XML element (<nbsp>) inside an <c> element, which should only contain text.  Using an escaped "less than" ('&lt;') might be the solution, or using a CDATA section.
INFO    : *              located within: "sec_Injective_and_Surjective_Functions" (xml:id), "Injective and Surjective Functions" (title)
WARNING : * PTX:WARNING: There is an apparent XML element (<nbsp>) inside an <c> element, which should only contain text.  Using an escaped "less than" ('&lt;') might be the solution, or using a CDATA section.
INFO    : *              located within: "sec_Injective_and_Surjective_Functions" (xml:id), "Injective and Surjective Functions" (title)
WARNING : * PTX:WARNING: There is an apparent XML element (<nbsp>) inside an <c> element, which should only contain text.  Using an escaped "less than" ('&lt;') might be the solution, or using a CDATA section.
INFO    : *              located within: "sec_Injective_and_Surjective_Functions" (xml:id), "Injective and Surjective Functions" (title)
WARNING : * PTX:WARNING: There is an apparent XML element (<nbsp>) inside an <c> element, which should only contain text.  Using an escaped "less than" ('&lt;') might be the solution, or using a CDATA section.
INFO    : *              located within: "sec_Injective_and_Surjective_Functions" (xml:id), "Injective and Surjective Functions" (title)
WARNING : * PTX:WARNING: There is an apparent XML element (<nbsp>) inside an <c> element, which should only contain text.  Using an escaped "less than" ('&lt;') might be the solution, or using a CDATA section.
INFO    : *              located within: "sec_Injective_and_Surjective_Functions" (xml:id), "Injective and Surjective Functions" (title)
WARNING : * PTX:WARNING: There is an apparent XML element (<nbsp>) inside an <c> element, which should only contain text.  Using an escaped "less than" ('&lt;') might be the solution, or using a CDATA section.
INFO    : *              located within: "sec_Injective_and_Surjective_Functions" (xml:id), "Injective and Surjective Functions" (title)
WARNING : * PTX:WARNING: There is an apparent XML element (<nbsp>) inside an <c> element, which should only contain text.  Using an escaped "less than" ('&lt;') might be the solution, or using a CDATA section.
INFO    : *              located within: "sec_Injective_and_Surjective_Functions" (xml:id), "Injective and Surjective Functions" (title)
WARNING : * PTX:WARNING: There is an apparent XML element (<nbsp>) inside an <c> element, which should only contain text.  Using an escaped "less than" ('&lt;') might be the solution, or using a CDATA section.
INFO    : *              located within: "sec_Injective_and_Surjective_Functions" (xml:id), "Injective and Surjective Functions" (title)
WARNING : * PTX:WARNING: There is an apparent XML element (<nbsp>) inside an <c> element, which should only contain text.  Using an escaped "less than" ('&lt;') might be the solution, or using a CDATA section.
INFO    : *              located within: "sec_Injective_and_Surjective_Functions" (xml:id), "Injective and Surjective Functions" (title)
WARNING : * PTX:WARNING: There is an apparent XML element (<nbsp>) inside an <c> element, which should only contain text.  Using an escaped "less than" ('&lt;') might be the solution, or using a CDATA section.
INFO    : *              located within: "sec_Injective_and_Surjective_Functions" (xml:id), "Injective and Surjective Functions" (title)
WARNING : * PTX:WARNING: There is an apparent XML element (<nbsp>) inside an <c> element, which should only contain text.  Using an escaped "less than" ('&lt;') might be the solution, or using a CDATA section.
INFO    : *              located within: "sec_Injective_and_Surjective_Functions" (xml:id), "Injective and Surjective Functions" (title)
WARNING : * PTX:WARNING: There is an apparent XML element (<nbsp>) inside an <c> element, which should only contain text.  Using an escaped "less than" ('&lt;') might be the solution, or using a CDATA section.
INFO    : *              located within: "sec_Injective_and_Surjective_Functions" (xml:id), "Injective and Surjective Functions" (title)
WARNING : * PTX:WARNING: There is an apparent XML element (<nbsp>) inside an <c> element, which should only contain text.  Using an escaped "less than" ('&lt;') might be the solution, or using a CDATA section.
INFO    : *              located within: "sec_Injective_and_Surjective_Functions" (xml:id), "Injective and Surjective Functions" (title)
WARNING : * PTX:WARNING: There is an apparent XML element (<nbsp>) inside an <c> element, which should only contain text.  Using an escaped "less than" ('&lt;') might be the solution, or using a CDATA section.
INFO    : *              located within: "sec_Compositions_and_Inverse_Functions" (xml:id), "Compositions and Inverse Functions" (title)
WARNING : * PTX:WARNING: There is an apparent XML element (<nbsp>) inside an <c> element, which should only contain text.  Using an escaped "less than" ('&lt;') might be the solution, or using a CDATA section.
INFO    : *              located within: "sec_Compositions_and_Inverse_Functions" (xml:id), "Compositions and Inverse Functions" (title)
WARNING : * PTX:WARNING: There is an apparent XML element (<nbsp>) inside an <c> element, which should only contain text.  Using an escaped "less than" ('&lt;') might be the solution, or using a CDATA section.
INFO    : *              located within: "sec_Compositions_and_Inverse_Functions" (xml:id), "Compositions and Inverse Functions" (title)
WARNING : * PTX:WARNING: There is an apparent XML element (<nbsp>) inside an <c> element, which should only contain text.  Using an escaped "less than" ('&lt;') might be the solution, or using a CDATA section.
INFO    : *              located within: "sec_Compositions_and_Inverse_Functions" (xml:id), "Compositions and Inverse Functions" (title)
WARNING : * PTX:WARNING: There is an apparent XML element (<nbsp>) inside an <c> element, which should only contain text.  Using an escaped "less than" ('&lt;') might be the solution, or using a CDATA section.
INFO    : *              located within: "sec_Compositions_and_Inverse_Functions" (xml:id), "Compositions and Inverse Functions" (title)
WARNING : * PTX:WARNING: There is an apparent XML element (<nbsp>) inside an <c> element, which should only contain text.  Using an escaped "less than" ('&lt;') might be the solution, or using a CDATA section.
INFO    : *              located within: "sec_Compositions_and_Inverse_Functions" (xml:id), "Compositions and Inverse Functions" (title)
WARNING : * PTX:WARNING: There is an apparent XML element (<nbsp>) inside an <c> element, which should only contain text.  Using an escaped "less than" ('&lt;') might be the solution, or using a CDATA section.
INFO    : *              located within: "sec_Compositions_and_Inverse_Functions" (xml:id), "Compositions and Inverse Functions" (title)
WARNING : * PTX:WARNING: There is an apparent XML element (<nbsp>) inside an <c> element, which should only contain text.  Using an escaped "less than" ('&lt;') might be the solution, or using a CDATA section.
INFO    : *              located within: "sec_Compositions_and_Inverse_Functions" (xml:id), "Compositions and Inverse Functions" (title)
WARNING : * PTX:WARNING: There is an apparent XML element (<nbsp>) inside an <c> element, which should only contain text.  Using an escaped "less than" ('&lt;') might be the solution, or using a CDATA section.
INFO    : *              located within: "sec_Compositions_and_Inverse_Functions" (xml:id), "Compositions and Inverse Functions" (title)
WARNING : * PTX:WARNING: There is an apparent XML element (<nbsp>) inside an <c> element, which should only contain text.  Using an escaped "less than" ('&lt;') might be the solution, or using a CDATA section.
INFO    : *              located within: "sec_Compositions_and_Inverse_Functions" (xml:id), "Compositions and Inverse Functions" (title)
WARNING : * PTX:WARNING: There is an apparent XML element (<nbsp>) inside an <c> element, which should only contain text.  Using an escaped "less than" ('&lt;') might be the solution, or using a CDATA section.
INFO    : *              located within: "sec_Compositions_and_Inverse_Functions" (xml:id), "Compositions and Inverse Functions" (title)
WARNING : * PTX:WARNING: There is an apparent XML element (<nbsp>) inside an <c> element, which should only contain text.  Using an escaped "less than" ('&lt;') might be the solution, or using a CDATA section.
INFO    : *              located within: "sec_Compositions_and_Inverse_Functions" (xml:id), "Compositions and Inverse Functions" (title)
WARNING : * PTX:WARNING: There is an apparent XML element (<nbsp>) inside an <c> element, which should only contain text.  Using an escaped "less than" ('&lt;') might be the solution, or using a CDATA section.
INFO    : *              located within: "sec_Compositions_and_Inverse_Functions" (xml:id), "Compositions and Inverse Functions" (title)
WARNING : * PTX:WARNING: There is an apparent XML element (<nbsp>) inside an <c> element, which should only contain text.  Using an escaped "less than" ('&lt;') might be the solution, or using a CDATA section.
INFO    : *              located within: "sec_Compositions_and_Inverse_Functions" (xml:id), "Compositions and Inverse Functions" (title)
WARNING : * PTX:WARNING: There is an apparent XML element (<nbsp>) inside an <c> element, which should only contain text.  Using an escaped "less than" ('&lt;') might be the solution, or using a CDATA section.
INFO    : *              located within: "sec_Compositions_and_Inverse_Functions" (xml:id), "Compositions and Inverse Functions" (title)
WARNING : * PTX:WARNING: There is an apparent XML element (<nbsp>) inside an <c> element, which should only contain text.  Using an escaped "less than" ('&lt;') might be the solution, or using a CDATA section.
INFO    : *              located within: "sec_Compositions_and_Inverse_Functions" (xml:id), "Compositions and Inverse Functions" (title)
WARNING : * PTX:WARNING: There is an apparent XML element (<nbsp>) inside an <c> element, which should only contain text.  Using an escaped "less than" ('&lt;') might be the solution, or using a CDATA section.
INFO    : *              located within: "sec_Compositions_and_Inverse_Functions" (xml:id), "Compositions and Inverse Functions" (title)
WARNING : * PTX:DEPRECATE: (2024-10-08) elements previously included in a "titlepage" element inside the "frontmatter" (author, editor, credit, date, and event) should now be placed in "frontmatter/bibinfo".  To ensure a title page is created, put only the empty element "titlepage-items" inside "titlepage".  Until you move these elements, we will try to honor your intent. (1 time)
INFO    : *              located within: "An Introduction to Proof via Inquiry-Based Learning" (title)
INFO    : * --------------
WARNING : * PTX:DEPRECATE: (2024-10-08) elements previously included in a "colophon" element inside the "frontmatter" (credit, copyright, edition, and website) should now be placed in "frontmatter/bibinfo". To produce a "colophon", include only the empty element "colophon-items" inside "colophon" Until you move these elements, we will try to honor your intent. (1 time)
INFO    : *              located within: "colophon" (xml:id)
INFO    : * --------------
WARNING : * PTX:DEPRECATE: (2024-07-12) the html/css/@style publication file entry has been deprecated for replacement by @theme. See the Guide for theme options.
INFO    : * --------------
WARNING : * PTX:WARNING:    An <xref> wants to build text using a number to identify the target, but the target (which has @xml:id "chap_acknowledgements") does not have a number. You could try 'text="title"' or 'text="custom"' on the "xref".
INFO    : *              located within: "An Introduction to Proof via Inquiry-Based Learning" (title)
INFO    : successful application of /Users/danaernst/.ptx/2.11.4/core/xsl/pretext-html.xsl
INFO    : Removing temporary directory /var/folders/br/gsngk6193q9f3lvtd90_4twh0000gn/T/ptx-5nb_fie4
INFO    : Removing temporary directory /var/folders/br/gsngk6193q9f3lvtd90_4twh0000gn/T/ptx-xr2qqi36
INFO    : 
Success! Run `pretext view` to see the results.

INFO    : 
