INFO    : Using PreTeXt-CLI version: 2.11.4.  This is the latest available version.

INFO    : PreTeXt project found in `/Users/danaernst/GitHub/IntroToProofViaIBL`.
WARNING : Project's CLI version could not be detected from `requirements.txt`.
WARNING : Try `pretext init --refresh` to produce a compatible file.
INFO    : Since no target was supplied, we will use "web".

INFO    : Building target web
INFO    : converting latex-image pictures from /Users/danaernst/GitHub/IntroToProofViaIBL/source/main.ptx to svg graphics for placement in /Users/danaernst/GitHub/IntroToProofViaIBL/generated-assets/latex-image
INFO    : extracting latex-image pictures from /Users/danaernst/GitHub/IntroToProofViaIBL/source/main.ptx
INFO    : string parameters passed to extraction stylesheet: {'html.css.extra': 'external/custom-styles.css', 'publisher': '/Users/danaernst/GitHub/IntroToProofViaIBL/publication/publication.ptx'}
INFO    : discovering source file's directory name: /Users/danaernst/GitHub/IntroToProofViaIBL/source
INFO    : verifying and expanding input directory: /Users/danaernst/GitHub/IntroToProofViaIBL/source/../generated-assets
INFO    : input directory expanded to absolute path: /Users/danaernst/GitHub/IntroToProofViaIBL/generated-assets
INFO    : verifying and expanding input directory: /Users/danaernst/GitHub/IntroToProofViaIBL/source/../assets
INFO    : input directory expanded to absolute path: /Users/danaernst/GitHub/IntroToProofViaIBL/assets
INFO    : XSL conversion of /Users/danaernst/GitHub/IntroToProofViaIBL/source/main.ptx by /Users/danaernst/.ptx/2.11.4/core/xsl/extract-latex-image.xsl
INFO    : messages from the log for XSL processing:
INFO    : * PTX:INFO:   checking ONLY the last TWO YEARS of element deprecations.
Rerun with the string parameter "author.deprecations.all" set to "yes" to check your source against all deprecations.
INFO    : successful application of /Users/danaernst/.ptx/2.11.4/core/xsl/extract-latex-image.xsl
INFO    : converting triangle_inequality_2d.tex to triangle_inequality_2d.pdf
INFO    : cropping triangle_inequality_2d.pdf to cropped-triangle_inequality_2d.pdf
INFO    : renaming cropped-triangle_inequality_2d.pdf to triangle_inequality_2d.pdf
INFO    : converting triangle_inequality_2d.pdf to triangle_inequality_2d.svg
INFO    : converting function_composition.tex to function_composition.pdf
INFO    : cropping function_composition.pdf to cropped-function_composition.pdf
INFO    : renaming cropped-function_composition.pdf to function_composition.pdf
INFO    : converting function_composition.pdf to function_composition.svg
INFO    : converting continuity.tex to continuity.pdf
INFO    : cropping continuity.pdf to cropped-continuity.pdf
INFO    : renaming cropped-continuity.pdf to continuity.pdf
INFO    : converting continuity.pdf to continuity.svg
INFO    : converting L-shapes.tex to L-shapes.pdf
INFO    : cropping L-shapes.pdf to cropped-L-shapes.pdf
INFO    : renaming cropped-L-shapes.pdf to L-shapes.pdf
INFO    : converting L-shapes.pdf to L-shapes.svg
INFO    : converting function_diagram.tex to function_diagram.pdf
INFO    : cropping function_diagram.pdf to cropped-function_diagram.pdf
INFO    : renaming cropped-function_diagram.pdf to function_diagram.pdf
INFO    : converting function_diagram.pdf to function_diagram.svg
INFO    : converting triangle_A.tex to triangle_A.pdf
INFO    : cropping triangle_A.pdf to cropped-triangle_A.pdf
INFO    : renaming cropped-triangle_A.pdf to triangle_A.pdf
INFO    : converting triangle_A.pdf to triangle_A.svg
INFO    : converting digraph_finite_to_finite.tex to digraph_finite_to_finite.pdf
INFO    : cropping digraph_finite_to_finite.pdf to cropped-digraph_finite_to_finite.pdf
INFO    : renaming cropped-digraph_finite_to_finite.pdf to digraph_finite_to_finite.pdf
INFO    : converting digraph_finite_to_finite.pdf to digraph_finite_to_finite.svg
INFO    : converting triangle_B.tex to triangle_B.pdf
INFO    : cropping triangle_B.pdf to cropped-triangle_B.pdf
INFO    : renaming cropped-triangle_B.pdf to triangle_B.pdf
INFO    : converting triangle_B.pdf to triangle_B.svg
INFO    : converting passengers.tex to passengers.pdf
INFO    : cropping passengers.pdf to cropped-passengers.pdf
INFO    : renaming cropped-passengers.pdf to passengers.pdf
INFO    : converting passengers.pdf to passengers.svg
INFO    : converting zig_zag.tex to zig_zag.pdf
INFO    : cropping zig_zag.pdf to cropped-zig_zag.pdf
INFO    : renaming cropped-zig_zag.pdf to zig_zag.pdf
INFO    : converting zig_zag.pdf to zig_zag.svg
INFO    : converting square.tex to square.pdf
INFO    : cropping square.pdf to cropped-square.pdf
INFO    : renaming cropped-square.pdf to square.pdf
INFO    : converting square.pdf to square.svg
INFO    : converting Z_to_Z_mod_4.tex to Z_to_Z_mod_4.pdf
INFO    : cropping Z_to_Z_mod_4.pdf to cropped-Z_to_Z_mod_4.pdf
INFO    : renaming cropped-Z_to_Z_mod_4.pdf to Z_to_Z_mod_4.pdf
INFO    : converting Z_to_Z_mod_4.pdf to Z_to_Z_mod_4.svg
INFO    : converting digraphA.tex to digraphA.pdf
INFO    : cropping digraphA.pdf to cropped-digraphA.pdf
INFO    : renaming cropped-digraphA.pdf to digraphA.pdf
INFO    : converting digraphA.pdf to digraphA.svg
INFO    : converting unit_circle.tex to unit_circle.pdf
INFO    : cropping unit_circle.pdf to cropped-unit_circle.pdf
INFO    : renaming cropped-unit_circle.pdf to unit_circle.pdf
INFO    : converting unit_circle.pdf to unit_circle.svg
INFO    : converting distance_between_a_and_b.tex to distance_between_a_and_b.pdf
INFO    : cropping distance_between_a_and_b.pdf to cropped-distance_between_a_and_b.pdf
INFO    : renaming cropped-distance_between_a_and_b.pdf to distance_between_a_and_b.pdf
INFO    : converting distance_between_a_and_b.pdf to distance_between_a_and_b.svg
INFO    : converting digraphB.tex to digraphB.pdf
INFO    : cropping digraphB.pdf to cropped-digraphB.pdf
INFO    : renaming cropped-digraphB.pdf to digraphB.pdf
INFO    : converting digraphB.pdf to digraphB.svg
INFO    : converting visual_of__a-b__r.tex to visual_of__a-b__r.pdf
INFO    : cropping visual_of__a-b__r.pdf to cropped-visual_of__a-b__r.pdf
INFO    : renaming cropped-visual_of__a-b__r.pdf to visual_of__a-b__r.pdf
INFO    : converting visual_of__a-b__r.pdf to visual_of__a-b__r.svg
INFO    : converting airplanes.tex to airplanes.pdf
INFO    : cropping airplanes.pdf to cropped-airplanes.pdf
INFO    : renaming cropped-airplanes.pdf to airplanes.pdf
INFO    : converting airplanes.pdf to airplanes.svg
INFO    : converting abs_value_less_than_or_equal_to_iff_squeezed_by_plus_minus.tex to abs_value_less_than_or_equal_to_iff_squeezed_by_plus_minus.pdf
INFO    : cropping abs_value_less_than_or_equal_to_iff_squeezed_by_plus_minus.pdf to cropped-abs_value_less_than_or_equal_to_iff_squeezed_by_plus_minus.pdf
INFO    : renaming cropped-abs_value_less_than_or_equal_to_iff_squeezed_by_plus_minus.pdf to abs_value_less_than_or_equal_to_iff_squeezed_by_plus_minus.pdf
INFO    : converting abs_value_less_than_or_equal_to_iff_squeezed_by_plus_minus.pdf to abs_value_less_than_or_equal_to_iff_squeezed_by_plus_minus.svg
INFO    : converting lattice_path.tex to lattice_path.pdf
INFO    : cropping lattice_path.pdf to cropped-lattice_path.pdf
INFO    : renaming cropped-lattice_path.pdf to lattice_path.pdf
INFO    : converting lattice_path.pdf to lattice_path.svg
INFO    : converting distanceB.tex to distanceB.pdf
INFO    : cropping distanceB.pdf to cropped-distanceB.pdf
INFO    : renaming cropped-distanceB.pdf to distanceB.pdf
INFO    : converting distanceB.pdf to distanceB.svg
INFO    : converting distanceA.tex to distanceA.pdf
INFO    : cropping distanceA.pdf to cropped-distanceA.pdf
INFO    : renaming cropped-distanceA.pdf to distanceA.pdf
INFO    : converting distanceA.pdf to distanceA.svg
INFO    : Removing temporary directory /var/folders/br/gsngk6193q9f3lvtd90_4twh0000gn/T/ptx-rf4lfl42
INFO    : Preparing to build into /Users/danaernst/GitHub/IntroToProofViaIBL/output/web.
INFO    : XSL conversion of /Users/danaernst/GitHub/IntroToProofViaIBL/source/main.ptx by /Users/danaernst/.ptx/2.11.4/core/xsl/utilities/report-publisher-variables.xsl
INFO    : successful application of /Users/danaernst/.ptx/2.11.4/core/xsl/utilities/report-publisher-variables.xsl
INFO    : discovering source file's directory name: /Users/danaernst/GitHub/IntroToProofViaIBL/source
INFO    : verifying and expanding input directory: /Users/danaernst/GitHub/IntroToProofViaIBL/source/../generated-assets
INFO    : input directory expanded to absolute path: /Users/danaernst/GitHub/IntroToProofViaIBL/generated-assets
INFO    : verifying and expanding input directory: /Users/danaernst/GitHub/IntroToProofViaIBL/source/../assets
INFO    : input directory expanded to absolute path: /Users/danaernst/GitHub/IntroToProofViaIBL/assets
INFO    : Runestone Services via online CDN query: version 7.5.1
INFO    : Downloading Runestone Services, version 7.5.1
INFO    : Extracting Runestone Services from archive file
INFO    : converting /Users/danaernst/GitHub/IntroToProofViaIBL/source/main.ptx to HTML in /var/folders/br/gsngk6193q9f3lvtd90_4twh0000gn/T/ptx-oh2_mb2g
INFO    : XSL conversion of /Users/danaernst/GitHub/IntroToProofViaIBL/source/main.ptx by /Users/danaernst/.ptx/2.11.4/core/xsl/pretext-html.xsl
INFO    : messages from the log for XSL processing:
INFO    : * PTX:INFO:   checking ONLY the last TWO YEARS of element deprecations.
Rerun with the string parameter "author.deprecations.all" set to "yes" to check your source against all deprecations.
WARNING : * PTX:WARNING: There are apparent XML elements in locations that should be text only (47 times).
WARNING : * PTX:WARNING: There is an apparent XML element (<nbsp>) inside an <c> element, which should only contain text.  Using an escaped "less than" ('&lt;') might be the solution, or using a CDATA section.
INFO    : *              located within: "sec_Injective_and_Surjective_Functions" (xml:id), "Injective and Surjective Functions" (title)
WARNING : * PTX:WARNING: There is an apparent XML element (<nbsp>) inside an <c> element, which should only contain text.  Using an escaped "less than" ('&lt;') might be the solution, or using a CDATA section.
INFO    : *              located within: "sec_Injective_and_Surjective_Functions" (xml:id), "Injective and Surjective Functions" (title)
WARNING : * PTX:WARNING: There is an apparent XML element (<nbsp>) inside an <c> element, which should only contain text.  Using an escaped "less than" ('&lt;') might be the solution, or using a CDATA section.
INFO    : *              located within: "sec_Injective_and_Surjective_Functions" (xml:id), "Injective and Surjective Functions" (title)
WARNING : * PTX:WARNING: There is an apparent XML element (<nbsp>) inside an <c> element, which should only contain text.  Using an escaped "less than" ('&lt;') might be the solution, or using a CDATA section.
INFO    : *              located within: "sec_Injective_and_Surjective_Functions" (xml:id), "Injective and Surjective Functions" (title)
WARNING : * PTX:WARNING: There is an apparent XML element (<nbsp>) inside an <c> element, which should only contain text.  Using an escaped "less than" ('&lt;') might be the solution, or using a CDATA section.
INFO    : *              located within: "sec_Injective_and_Surjective_Functions" (xml:id), "Injective and Surjective Functions" (title)
WARNING : * PTX:WARNING: There is an apparent XML element (<nbsp>) inside an <c> element, which should only contain text.  Using an escaped "less than" ('&lt;') might be the solution, or using a CDATA section.
INFO    : *              located within: "sec_Injective_and_Surjective_Functions" (xml:id), "Injective and Surjective Functions" (title)
WARNING : * PTX:WARNING: There is an apparent XML element (<nbsp>) inside an <c> element, which should only contain text.  Using an escaped "less than" ('&lt;') might be the solution, or using a CDATA section.
INFO    : *              located within: "sec_Injective_and_Surjective_Functions" (xml:id), "Injective and Surjective Functions" (title)
WARNING : * PTX:WARNING: There is an apparent XML element (<nbsp>) inside an <c> element, which should only contain text.  Using an escaped "less than" ('&lt;') might be the solution, or using a CDATA section.
INFO    : *              located within: "sec_Injective_and_Surjective_Functions" (xml:id), "Injective and Surjective Functions" (title)
WARNING : * PTX:WARNING: There is an apparent XML element (<nbsp>) inside an <c> element, which should only contain text.  Using an escaped "less than" ('&lt;') might be the solution, or using a CDATA section.
INFO    : *              located within: "sec_Injective_and_Surjective_Functions" (xml:id), "Injective and Surjective Functions" (title)
WARNING : * PTX:WARNING: There is an apparent XML element (<nbsp>) inside an <c> element, which should only contain text.  Using an escaped "less than" ('&lt;') might be the solution, or using a CDATA section.
INFO    : *              located within: "sec_Injective_and_Surjective_Functions" (xml:id), "Injective and Surjective Functions" (title)
WARNING : * PTX:WARNING: There is an apparent XML element (<nbsp>) inside an <c> element, which should only contain text.  Using an escaped "less than" ('&lt;') might be the solution, or using a CDATA section.
INFO    : *              located within: "sec_Injective_and_Surjective_Functions" (xml:id), "Injective and Surjective Functions" (title)
WARNING : * PTX:WARNING: There is an apparent XML element (<nbsp>) inside an <c> element, which should only contain text.  Using an escaped "less than" ('&lt;') might be the solution, or using a CDATA section.
INFO    : *              located within: "sec_Injective_and_Surjective_Functions" (xml:id), "Injective and Surjective Functions" (title)
WARNING : * PTX:WARNING: There is an apparent XML element (<nbsp>) inside an <c> element, which should only contain text.  Using an escaped "less than" ('&lt;') might be the solution, or using a CDATA section.
INFO    : *              located within: "sec_Injective_and_Surjective_Functions" (xml:id), "Injective and Surjective Functions" (title)
WARNING : * PTX:WARNING: There is an apparent XML element (<nbsp>) inside an <c> element, which should only contain text.  Using an escaped "less than" ('&lt;') might be the solution, or using a CDATA section.
INFO    : *              located within: "sec_Injective_and_Surjective_Functions" (xml:id), "Injective and Surjective Functions" (title)
WARNING : * PTX:WARNING: There is an apparent XML element (<nbsp>) inside an <c> element, which should only contain text.  Using an escaped "less than" ('&lt;') might be the solution, or using a CDATA section.
INFO    : *              located within: "sec_Injective_and_Surjective_Functions" (xml:id), "Injective and Surjective Functions" (title)
WARNING : * PTX:WARNING: There is an apparent XML element (<nbsp>) inside an <c> element, which should only contain text.  Using an escaped "less than" ('&lt;') might be the solution, or using a CDATA section.
INFO    : *              located within: "sec_Injective_and_Surjective_Functions" (xml:id), "Injective and Surjective Functions" (title)
WARNING : * PTX:WARNING: There is an apparent XML element (<nbsp>) inside an <c> element, which should only contain text.  Using an escaped "less than" ('&lt;') might be the solution, or using a CDATA section.
INFO    : *              located within: "sec_Injective_and_Surjective_Functions" (xml:id), "Injective and Surjective Functions" (title)
WARNING : * PTX:WARNING: There is an apparent XML element (<nbsp>) inside an <c> element, which should only contain text.  Using an escaped "less than" ('&lt;') might be the solution, or using a CDATA section.
INFO    : *              located within: "sec_Injective_and_Surjective_Functions" (xml:id), "Injective and Surjective Functions" (title)
WARNING : * PTX:WARNING: There is an apparent XML element (<nbsp>) inside an <c> element, which should only contain text.  Using an escaped "less than" ('&lt;') might be the solution, or using a CDATA section.
INFO    : *              located within: "sec_Injective_and_Surjective_Functions" (xml:id), "Injective and Surjective Functions" (title)
WARNING : * PTX:WARNING: There is an apparent XML element (<nbsp>) inside an <c> element, which should only contain text.  Using an escaped "less than" ('&lt;') might be the solution, or using a CDATA section.
INFO    : *              located within: "sec_Injective_and_Surjective_Functions" (xml:id), "Injective and Surjective Functions" (title)
WARNING : * PTX:WARNING: There is an apparent XML element (<nbsp>) inside an <c> element, which should only contain text.  Using an escaped "less than" ('&lt;') might be the solution, or using a CDATA section.
INFO    : *              located within: "sec_Injective_and_Surjective_Functions" (xml:id), "Injective and Surjective Functions" (title)
WARNING : * PTX:WARNING: There is an apparent XML element (<nbsp>) inside an <c> element, which should only contain text.  Using an escaped "less than" ('&lt;') might be the solution, or using a CDATA section.
INFO    : *              located within: "sec_Injective_and_Surjective_Functions" (xml:id), "Injective and Surjective Functions" (title)
WARNING : * PTX:WARNING: There is an apparent XML element (<nbsp>) inside an <c> element, which should only contain text.  Using an escaped "less than" ('&lt;') might be the solution, or using a CDATA section.
INFO    : *              located within: "sec_Injective_and_Surjective_Functions" (xml:id), "Injective and Surjective Functions" (title)
WARNING : * PTX:WARNING: There is an apparent XML element (<nbsp>) inside an <c> element, which should only contain text.  Using an escaped "less than" ('&lt;') might be the solution, or using a CDATA section.
INFO    : *              located within: "sec_Injective_and_Surjective_Functions" (xml:id), "Injective and Surjective Functions" (title)
WARNING : * PTX:WARNING: There is an apparent XML element (<nbsp>) inside an <c> element, which should only contain text.  Using an escaped "less than" ('&lt;') might be the solution, or using a CDATA section.
INFO    : *              located within: "sec_Injective_and_Surjective_Functions" (xml:id), "Injective and Surjective Functions" (title)
WARNING : * PTX:WARNING: There is an apparent XML element (<nbsp>) inside an <c> element, which should only contain text.  Using an escaped "less than" ('&lt;') might be the solution, or using a CDATA section.
INFO    : *              located within: "sec_Injective_and_Surjective_Functions" (xml:id), "Injective and Surjective Functions" (title)
WARNING : * PTX:WARNING: There is an apparent XML element (<nbsp>) inside an <c> element, which should only contain text.  Using an escaped "less than" ('&lt;') might be the solution, or using a CDATA section.
INFO    : *              located within: "sec_Injective_and_Surjective_Functions" (xml:id), "Injective and Surjective Functions" (title)
WARNING : * PTX:WARNING: There is an apparent XML element (<nbsp>) inside an <c> element, which should only contain text.  Using an escaped "less than" ('&lt;') might be the solution, or using a CDATA section.
INFO    : *              located within: "sec_Injective_and_Surjective_Functions" (xml:id), "Injective and Surjective Functions" (title)
WARNING : * PTX:WARNING: There is an apparent XML element (<nbsp>) inside an <c> element, which should only contain text.  Using an escaped "less than" ('&lt;') might be the solution, or using a CDATA section.
INFO    : *              located within: "sec_Injective_and_Surjective_Functions" (xml:id), "Injective and Surjective Functions" (title)
WARNING : * PTX:WARNING: There is an apparent XML element (<nbsp>) inside an <c> element, which should only contain text.  Using an escaped "less than" ('&lt;') might be the solution, or using a CDATA section.
INFO    : *              located within: "sec_Injective_and_Surjective_Functions" (xml:id), "Injective and Surjective Functions" (title)
WARNING : * PTX:WARNING: There is an apparent XML element (<nbsp>) inside an <c> element, which should only contain text.  Using an escaped "less than" ('&lt;') might be the solution, or using a CDATA section.
INFO    : *              located within: "sec_Compositions_and_Inverse_Functions" (xml:id), "Compositions and Inverse Functions" (title)
WARNING : * PTX:WARNING: There is an apparent XML element (<nbsp>) inside an <c> element, which should only contain text.  Using an escaped "less than" ('&lt;') might be the solution, or using a CDATA section.
INFO    : *              located within: "sec_Compositions_and_Inverse_Functions" (xml:id), "Compositions and Inverse Functions" (title)
WARNING : * PTX:WARNING: There is an apparent XML element (<nbsp>) inside an <c> element, which should only contain text.  Using an escaped "less than" ('&lt;') might be the solution, or using a CDATA section.
INFO    : *              located within: "sec_Compositions_and_Inverse_Functions" (xml:id), "Compositions and Inverse Functions" (title)
WARNING : * PTX:WARNING: There is an apparent XML element (<nbsp>) inside an <c> element, which should only contain text.  Using an escaped "less than" ('&lt;') might be the solution, or using a CDATA section.
INFO    : *              located within: "sec_Compositions_and_Inverse_Functions" (xml:id), "Compositions and Inverse Functions" (title)
WARNING : * PTX:WARNING: There is an apparent XML element (<nbsp>) inside an <c> element, which should only contain text.  Using an escaped "less than" ('&lt;') might be the solution, or using a CDATA section.
INFO    : *              located within: "sec_Compositions_and_Inverse_Functions" (xml:id), "Compositions and Inverse Functions" (title)
WARNING : * PTX:WARNING: There is an apparent XML element (<nbsp>) inside an <c> element, which should only contain text.  Using an escaped "less than" ('&lt;') might be the solution, or using a CDATA section.
INFO    : *              located within: "sec_Compositions_and_Inverse_Functions" (xml:id), "Compositions and Inverse Functions" (title)
WARNING : * PTX:WARNING: There is an apparent XML element (<nbsp>) inside an <c> element, which should only contain text.  Using an escaped "less than" ('&lt;') might be the solution, or using a CDATA section.
INFO    : *              located within: "sec_Compositions_and_Inverse_Functions" (xml:id), "Compositions and Inverse Functions" (title)
WARNING : * PTX:WARNING: There is an apparent XML element (<nbsp>) inside an <c> element, which should only contain text.  Using an escaped "less than" ('&lt;') might be the solution, or using a CDATA section.
INFO    : *              located within: "sec_Compositions_and_Inverse_Functions" (xml:id), "Compositions and Inverse Functions" (title)
WARNING : * PTX:WARNING: There is an apparent XML element (<nbsp>) inside an <c> element, which should only contain text.  Using an escaped "less than" ('&lt;') might be the solution, or using a CDATA section.
INFO    : *              located within: "sec_Compositions_and_Inverse_Functions" (xml:id), "Compositions and Inverse Functions" (title)
WARNING : * PTX:WARNING: There is an apparent XML element (<nbsp>) inside an <c> element, which should only contain text.  Using an escaped "less than" ('&lt;') might be the solution, or using a CDATA section.
INFO    : *              located within: "sec_Compositions_and_Inverse_Functions" (xml:id), "Compositions and Inverse Functions" (title)
WARNING : * PTX:WARNING: There is an apparent XML element (<nbsp>) inside an <c> element, which should only contain text.  Using an escaped "less than" ('&lt;') might be the solution, or using a CDATA section.
INFO    : *              located within: "sec_Compositions_and_Inverse_Functions" (xml:id), "Compositions and Inverse Functions" (title)
WARNING : * PTX:WARNING: There is an apparent XML element (<nbsp>) inside an <c> element, which should only contain text.  Using an escaped "less than" ('&lt;') might be the solution, or using a CDATA section.
INFO    : *              located within: "sec_Compositions_and_Inverse_Functions" (xml:id), "Compositions and Inverse Functions" (title)
WARNING : * PTX:WARNING: There is an apparent XML element (<nbsp>) inside an <c> element, which should only contain text.  Using an escaped "less than" ('&lt;') might be the solution, or using a CDATA section.
INFO    : *              located within: "sec_Compositions_and_Inverse_Functions" (xml:id), "Compositions and Inverse Functions" (title)
WARNING : * PTX:WARNING: There is an apparent XML element (<nbsp>) inside an <c> element, which should only contain text.  Using an escaped "less than" ('&lt;') might be the solution, or using a CDATA section.
INFO    : *              located within: "sec_Compositions_and_Inverse_Functions" (xml:id), "Compositions and Inverse Functions" (title)
WARNING : * PTX:WARNING: There is an apparent XML element (<nbsp>) inside an <c> element, which should only contain text.  Using an escaped "less than" ('&lt;') might be the solution, or using a CDATA section.
INFO    : *              located within: "sec_Compositions_and_Inverse_Functions" (xml:id), "Compositions and Inverse Functions" (title)
WARNING : * PTX:WARNING: There is an apparent XML element (<nbsp>) inside an <c> element, which should only contain text.  Using an escaped "less than" ('&lt;') might be the solution, or using a CDATA section.
INFO    : *              located within: "sec_Compositions_and_Inverse_Functions" (xml:id), "Compositions and Inverse Functions" (title)
WARNING : * PTX:WARNING: There is an apparent XML element (<nbsp>) inside an <c> element, which should only contain text.  Using an escaped "less than" ('&lt;') might be the solution, or using a CDATA section.
INFO    : *              located within: "sec_Compositions_and_Inverse_Functions" (xml:id), "Compositions and Inverse Functions" (title)
WARNING : * PTX:DEPRECATE: (2024-10-08) elements previously included in a "titlepage" element inside the "frontmatter" (author, editor, credit, date, and event) should now be placed in "frontmatter/bibinfo".  To ensure a title page is created, put only the empty element "titlepage-items" inside "titlepage".  Until you move these elements, we will try to honor your intent. (1 time)
INFO    : *              located within: "An Introduction to Proof via Inquiry-Based Learning" (title)
INFO    : * --------------
WARNING : * PTX:DEPRECATE: (2024-10-08) elements previously included in a "colophon" element inside the "frontmatter" (credit, copyright, edition, and website) should now be placed in "frontmatter/bibinfo". To produce a "colophon", include only the empty element "colophon-items" inside "colophon" Until you move these elements, we will try to honor your intent. (1 time)
INFO    : *              located within: "colophon" (xml:id)
INFO    : * --------------
WARNING : * PTX:DEPRECATE: (2024-07-12) the html/css/@style publication file entry has been deprecated for replacement by @theme. See the Guide for theme options.
INFO    : * --------------
WARNING : * PTX:WARNING:    An <xref> wants to build text using a number to identify the target, but the target (which has @xml:id "chap_acknowledgements") does not have a number. You could try 'text="title"' or 'text="custom"' on the "xref".
INFO    : *              located within: "An Introduction to Proof via Inquiry-Based Learning" (title)
INFO    : successful application of /Users/danaernst/.ptx/2.11.4/core/xsl/pretext-html.xsl
INFO    : Removing temporary directory /var/folders/br/gsngk6193q9f3lvtd90_4twh0000gn/T/ptx-uvmkg8dc
INFO    : Removing temporary directory /var/folders/br/gsngk6193q9f3lvtd90_4twh0000gn/T/ptx-oh2_mb2g
INFO    : 
Success! Run `pretext view` to see the results.

INFO    : 
